<?xml version="1.0" encoding="UTF-8"?>
<!-- Generated by org.testng.reporters.JUnitReportReporter -->
<testsuite hostname="DESKTOP-290TOHN" failures="0" tests="1" name="test.MontDueDropDown" time="8.503" errors="0" timestamp="12 Sep 2022 17:20:29 GMT" skipped="0">
  <testcase classname="test.MontDueDropDown" name="testBackgroundColorChange" time="8.503"/>
</testsuite> <!-- test.MontDueDropDown -->
