<?xml version="1.0" encoding="UTF-8"?>
<!-- Generated by org.testng.reporters.JUnitReportReporter -->
<testsuite hostname="DESKTOP-290TOHN" failures="0" tests="1" name="test.TestAddingCategory" time="19.171" errors="0" timestamp="07 Sep 2022 15:27:54 GMT" skipped="0">
  <testcase classname="test.TestAddingCategory" name="testAddingCategory" time="19.171"/>
</testsuite> <!-- test.TestAddingCategory -->
