<?xml version="1.0" encoding="UTF-8"?>
<!-- Generated by org.testng.reporters.JUnitReportReporter -->
<testsuite hostname="DESKTOP-290TOHN" failures="0" tests="2" name="test.GetHomePage" time="37.310" errors="0" timestamp="06 Sep 2022 17:55:01 GMT" skipped="0">
  <testcase classname="test.GetHomePage" name="testAddingCategory" time="12.370"/>
  <testcase classname="test.GetHomePage" name="testLandHomePage" time="24.940"/>
</testsuite> <!-- test.GetHomePage -->
