<?xml version="1.0" encoding="UTF-8"?>
<!-- Generated by org.testng.reporters.JUnitReportReporter -->
<testsuite hostname="DESKTOP-290TOHN" failures="0" tests="1" name="test.MonthDueDropDown" time="9.097" errors="0" timestamp="12 Sep 2022 18:16:52 GMT" skipped="0">
  <testcase classname="test.MonthDueDropDown" name="testMonthsDueDropdown" time="9.097"/>
</testsuite> <!-- test.MonthDueDropDown -->
