<?xml version="1.0" encoding="UTF-8"?>
<!-- Generated by org.testng.reporters.JUnitReportReporter -->
<testsuite hostname="DESKTOP-290TOHN" failures="0" tests="1" name="test.BackgroudColor" time="8.476" errors="0" timestamp="12 Sep 2022 16:55:37 GMT" skipped="0">
  <testcase classname="test.BackgroudColor" name="testBackgroundColorChange" time="8.476"/>
</testsuite> <!-- test.BackgroudColor -->
