<?xml version="1.0" encoding="UTF-8"?>
<!-- Generated by org.testng.reporters.JUnitReportReporter -->
<testsuite hostname="DESKTOP-290TOHN" failures="0" tests="1" name="test.GetHomePage" time="29.581" errors="0" timestamp="06 Sep 2022 16:59:10 GMT" skipped="0">
  <testcase classname="test.GetHomePage" name="testLandHomePage" time="29.581"/>
</testsuite> <!-- test.GetHomePage -->
